  CSExpressionOfPolynom.c
  file_tab.c
bison.simple(560): warning C4013: 'strlen' undefined; assuming extern returning int
bison.simple(564): warning C4013: 'strcpy' undefined; assuming extern returning int
bison.simple(573): warning C4013: 'strcat' undefined; assuming extern returning int
file.y(191): warning C4013: 'PrintError' undefined; assuming extern returning int
file.y(189): warning C4996: 'getch': The POSIX name for this item is deprecated. Instead, use the ISO C and C++ conformant name: _getch. See online help for details.
  c:\program files (x86)\windows kits\10\include\10.0.16299.0\ucrt\conio.h(452): note: see declaration of 'getch'
file.y(190): warning C4996: 'getch': The POSIX name for this item is deprecated. Instead, use the ISO C and C++ conformant name: _getch. See online help for details.
  c:\program files (x86)\windows kits\10\include\10.0.16299.0\ucrt\conio.h(452): note: see declaration of 'getch'
file.y(192): warning C4996: 'getch': The POSIX name for this item is deprecated. Instead, use the ISO C and C++ conformant name: _getch. See online help for details.
  c:\program files (x86)\windows kits\10\include\10.0.16299.0\ucrt\conio.h(452): note: see declaration of 'getch'
file.y(193): warning C4996: 'getch': The POSIX name for this item is deprecated. Instead, use the ISO C and C++ conformant name: _getch. See online help for details.
  c:\program files (x86)\windows kits\10\include\10.0.16299.0\ucrt\conio.h(452): note: see declaration of 'getch'
  lex.yy.c
lexic.l(30): warning C4013: 'BeginToken' undefined; assuming extern returning int
lex.yy.c(1253): warning C4996: 'fileno': The POSIX name for this item is deprecated. Instead, use the ISO C and C++ conformant name: _fileno. See online help for details.
  c:\program files (x86)\windows kits\10\include\10.0.16299.0\ucrt\stdio.h(2457): note: see declaration of 'fileno'
  Generating Code...
  Lab1.vcxproj -> D:\userdata\dkulikov\Desktop\Compilers\Lab1\Debug\Lab1.exe
